0 info it worked if it ends with ok
1 verbose cli [ '/usr/local/bin/node',
1 verbose cli   '/usr/local/bin/npm',
1 verbose cli   'install',
1 verbose cli   '-g',
1 verbose cli   'cordova' ]
2 info using npm@2.15.5
3 info using node@v4.4.5
4 verbose install initial load of /usr/local/lib/package.json
5 verbose readDependencies loading dependencies from /usr/local/lib/package.json
6 silly cache add args [ 'cordova', null ]
7 verbose cache add spec cordova
8 silly cache add parsed spec Result {
8 silly cache add   raw: 'cordova',
8 silly cache add   scope: null,
8 silly cache add   name: 'cordova',
8 silly cache add   rawSpec: '',
8 silly cache add   spec: 'latest',
8 silly cache add   type: 'tag' }
9 silly addNamed cordova@latest
10 verbose addNamed "latest" is being treated as a dist-tag for cordova
11 info addNameTag [ 'cordova', 'latest' ]
12 silly mapToRegistry name cordova
13 silly mapToRegistry using default registry
14 silly mapToRegistry registry https://registry.npmjs.org/
15 silly mapToRegistry data Result {
15 silly mapToRegistry   raw: 'cordova',
15 silly mapToRegistry   scope: null,
15 silly mapToRegistry   name: 'cordova',
15 silly mapToRegistry   rawSpec: '',
15 silly mapToRegistry   spec: 'latest',
15 silly mapToRegistry   type: 'tag' }
16 silly mapToRegistry uri https://registry.npmjs.org/cordova
17 verbose addNameTag registry:https://registry.npmjs.org/cordova not in flight; fetching
18 verbose request uri https://registry.npmjs.org/cordova
19 verbose request no auth needed
20 info attempt registry request try #1 at 3:48:14 PM
21 verbose request id 74e8201ccfa8fe3f
22 verbose etag "2C5R0KC1Y6PBRI3V7UUW7UJYW"
23 http request GET https://registry.npmjs.org/cordova
24 http 200 https://registry.npmjs.org/cordova
25 verbose headers { server: 'nginx/1.10.1',
25 verbose headers   'content-type': 'application/json',
25 verbose headers   'last-modified': 'Thu, 16 Feb 2017 02:50:25 GMT',
25 verbose headers   etag: 'W/"58a51371-10760e"',
25 verbose headers   'content-encoding': 'gzip',
25 verbose headers   'cache-control': 'max-age=300',
25 verbose headers   'content-length': '40343',
25 verbose headers   'accept-ranges': 'bytes',
25 verbose headers   date: 'Thu, 16 Feb 2017 07:48:15 GMT',
25 verbose headers   via: '1.1 varnish',
25 verbose headers   age: '46',
25 verbose headers   connection: 'keep-alive',
25 verbose headers   'x-served-by': 'cache-nrt6120-NRT',
25 verbose headers   'x-cache': 'HIT',
25 verbose headers   'x-cache-hits': '1',
25 verbose headers   'x-timer': 'S1487231295.433817,VS0,VE1',
25 verbose headers   vary: 'Accept-Encoding' }
26 silly get cb [ 200,
26 silly get   { server: 'nginx/1.10.1',
26 silly get     'content-type': 'application/json',
26 silly get     'last-modified': 'Thu, 16 Feb 2017 02:50:25 GMT',
26 silly get     etag: 'W/"58a51371-10760e"',
26 silly get     'content-encoding': 'gzip',
26 silly get     'cache-control': 'max-age=300',
26 silly get     'content-length': '40343',
26 silly get     'accept-ranges': 'bytes',
26 silly get     date: 'Thu, 16 Feb 2017 07:48:15 GMT',
26 silly get     via: '1.1 varnish',
26 silly get     age: '46',
26 silly get     connection: 'keep-alive',
26 silly get     'x-served-by': 'cache-nrt6120-NRT',
26 silly get     'x-cache': 'HIT',
26 silly get     'x-cache-hits': '1',
26 silly get     'x-timer': 'S1487231295.433817,VS0,VE1',
26 silly get     vary: 'Accept-Encoding' } ]
27 verbose get saving cordova to /Users/zhuwansan/.npm/registry.npmjs.org/cordova/.cache.json
28 verbose correctMkdir /Users/zhuwansan/.npm correctMkdir not in flight; initializing
29 silly addNameTag next cb for cordova with tag latest
30 silly addNamed cordova@6.5.0
31 verbose addNamed "6.5.0" is a plain semver version for cordova
32 silly mapToRegistry name cordova
33 silly mapToRegistry using default registry
34 silly mapToRegistry registry https://registry.npmjs.org/
35 silly mapToRegistry data Result {
35 silly mapToRegistry   raw: 'cordova',
35 silly mapToRegistry   scope: null,
35 silly mapToRegistry   name: 'cordova',
35 silly mapToRegistry   rawSpec: '',
35 silly mapToRegistry   spec: 'latest',
35 silly mapToRegistry   type: 'tag' }
36 silly mapToRegistry uri https://registry.npmjs.org/cordova
37 verbose addRemoteTarball https://registry.npmjs.org/cordova/-/cordova-6.5.0.tgz not in flight; adding
38 verbose addRemoteTarball [ 'https://registry.npmjs.org/cordova/-/cordova-6.5.0.tgz',
38 verbose addRemoteTarball   'e6ec81b17dd50c17c40b4b87330f7ced38fb0b47' ]
39 info retry fetch attempt 1 at 3:48:17 PM
40 info attempt registry request try #1 at 3:48:17 PM
41 http fetch GET https://registry.npmjs.org/cordova/-/cordova-6.5.0.tgz
42 http fetch 200 https://registry.npmjs.org/cordova/-/cordova-6.5.0.tgz
43 silly fetchAndShaCheck shasum e6ec81b17dd50c17c40b4b87330f7ced38fb0b47
44 verbose addTmpTarball /var/folders/qh/5cvvmhzd1352m9ctnzgbd1380000gn/T/npm-5281-ab081c72/registry.npmjs.org/cordova/-/cordova-6.5.0.tgz not in flight; adding
45 verbose addTmpTarball already have metadata; skipping unpack for cordova@6.5.0
46 verbose correctMkdir /Users/zhuwansan/.npm correctMkdir not in flight; initializing
47 silly cache afterAdd cordova@6.5.0
48 verbose afterAdd /Users/zhuwansan/.npm/cordova/6.5.0/package/package.json not in flight; writing
49 verbose correctMkdir /Users/zhuwansan/.npm correctMkdir not in flight; initializing
50 verbose afterAdd /Users/zhuwansan/.npm/cordova/6.5.0/package/package.json written
51 silly install resolved [ { name: 'cordova',
51 silly install resolved     version: '6.5.0',
51 silly install resolved     preferGlobal: 'true',
51 silly install resolved     description: 'Cordova command line interface tool',
51 silly install resolved     main: 'cordova',
51 silly install resolved     engines: { node: '>=4.0.0' },
51 silly install resolved     bin: { cordova: './bin/cordova' },
51 silly install resolved     scripts:
51 silly install resolved      { test: 'npm run jshint && npm run jasmine',
51 silly install resolved        jshint: 'jshint spec && jshint src',
51 silly install resolved        cover: 'istanbul cover --root src --print detail jasmine',
51 silly install resolved        jasmine: 'jasmine --captureExceptions --color' },
51 silly install resolved     repository:
51 silly install resolved      { type: 'git',
51 silly install resolved        url: 'https://git-wip-us.apache.org/repos/asf/cordova-cli.git' },
51 silly install resolved     bugs:
51 silly install resolved      { url: 'https://issues.apache.org/jira/browse/CB',
51 silly install resolved        email: 'dev@cordova.apache.org' },
51 silly install resolved     keywords: [ 'cordova', 'client', 'cli' ],
51 silly install resolved     dependencies:
51 silly install resolved      { 'cordova-common': '2.0.0',
51 silly install resolved        'cordova-lib': '6.5.0',
51 silly install resolved        insight: '~0.8.2',
51 silly install resolved        nopt: '3.0.1',
51 silly install resolved        q: '1.0.1',
51 silly install resolved        underscore: '1.7.0',
51 silly install resolved        'update-notifier': '^0.5.0' },
51 silly install resolved     devDependencies: { jasmine: '^2.5.2', istanbul: '^0.4.5', jshint: '^2.9.4' },
51 silly install resolved     author: { name: 'Anis Kadri' },
51 silly install resolved     contributors:
51 silly install resolved      [ [Object],
51 silly install resolved        [Object],
51 silly install resolved        [Object],
51 silly install resolved        [Object],
51 silly install resolved        [Object],
51 silly install resolved        [Object],
51 silly install resolved        [Object],
51 silly install resolved        [Object],
51 silly install resolved        [Object],
51 silly install resolved        [Object],
51 silly install resolved        [Object],
51 silly install resolved        [Object],
51 silly install resolved        [Object],
51 silly install resolved        [Object],
51 silly install resolved        [Object],
51 silly install resolved        [Object],
51 silly install resolved        [Object],
51 silly install resolved        [Object],
51 silly install resolved        [Object],
51 silly install resolved        [Object],
51 silly install resolved        [Object],
51 silly install resolved        [Object],
51 silly install resolved        [Object],
51 silly install resolved        [Object] ],
51 silly install resolved     license: 'Apache-2.0',
51 silly install resolved     _id: 'cordova@6.5.0',
51 silly install resolved     _shasum: 'e6ec81b17dd50c17c40b4b87330f7ced38fb0b47',
51 silly install resolved     _resolved: 'https://registry.npmjs.org/cordova/-/cordova-6.5.0.tgz',
51 silly install resolved     _from: 'cordova@latest',
51 silly install resolved     _npmVersion: '4.1.1',
51 silly install resolved     _nodeVersion: '6.6.0',
51 silly install resolved     _npmUser: { name: 'stevegill', email: 'stevengill97@gmail.com' },
51 silly install resolved     dist:
51 silly install resolved      { shasum: 'e6ec81b17dd50c17c40b4b87330f7ced38fb0b47',
51 silly install resolved        tarball: 'https://registry.npmjs.org/cordova/-/cordova-6.5.0.tgz' },
51 silly install resolved     maintainers:
51 silly install resolved      [ [Object],
51 silly install resolved        [Object],
51 silly install resolved        [Object],
51 silly install resolved        [Object],
51 silly install resolved        [Object],
51 silly install resolved        [Object],
51 silly install resolved        [Object],
51 silly install resolved        [Object],
51 silly install resolved        [Object],
51 silly install resolved        [Object],
51 silly install resolved        [Object],
51 silly install resolved        [Object],
51 silly install resolved        [Object],
51 silly install resolved        [Object],
51 silly install resolved        [Object],
51 silly install resolved        [Object],
51 silly install resolved        [Object],
51 silly install resolved        [Object],
51 silly install resolved        [Object] ],
51 silly install resolved     _npmOperationalInternal:
51 silly install resolved      { host: 'packages-18-east.internal.npmjs.com',
51 silly install resolved        tmp: 'tmp/cordova-6.5.0.tgz_1485219222077_0.392245483584702' },
51 silly install resolved     directories: {} } ]
52 info install cordova@6.5.0 into /usr/local/lib
53 info installOne cordova@6.5.0
54 verbose installOne of cordova to /usr/local/lib not in flight; installing
55 verbose correctMkdir /Users/zhuwansan/.npm/_locks correctMkdir not in flight; initializing
56 verbose lock using /Users/zhuwansan/.npm/_locks/cordova-fa12e2e096426a32.lock for /usr/local/lib/node_modules/cordova
57 silly install write writing cordova 6.5.0 to /usr/local/lib/node_modules/cordova
58 verbose unbuild lib/node_modules/cordova
59 info preuninstall cordova@6.3.1
60 info uninstall cordova@6.3.1
61 verbose unbuild rmStuff cordova@6.3.1 from /usr/local/lib/node_modules
62 silly gentlyRm /usr/local/bin/cordova is being gently removed
63 silly gentlyRm verifying /usr/local is an npm working directory
64 silly gentlyRm containing path /usr/local is under npm's control, in /usr/local
65 silly gentlyRm deletion target /usr/local/bin/cordova is under /usr/local
66 verbose gentlyRm vacuuming from /usr/local/bin/cordova up to /usr/local
67 silly vacuum-fs removing /usr/local/bin/cordova
68 silly vacuum-fs quitting because other entries in /usr/local/bin
69 info postuninstall cordova@6.3.1
70 silly gentlyRm /usr/local/lib/node_modules/cordova is being purged from base /usr/local
71 verbose gentlyRm don't care about contents; nuking /usr/local/lib/node_modules/cordova
72 silly vacuum-fs purging /usr/local/lib/node_modules/cordova
73 verbose unlock done using /Users/zhuwansan/.npm/_locks/cordova-fa12e2e096426a32.lock for /usr/local/lib/node_modules/cordova
74 verbose stack Error: EACCES: permission denied, rmdir '/usr/local/lib/node_modules/cordova'
74 verbose stack     at Error (native)
75 verbose cwd /Users/zhuwansan/mydog
76 error Darwin 16.3.0
77 error argv "/usr/local/bin/node" "/usr/local/bin/npm" "install" "-g" "cordova"
78 error node v4.4.5
79 error npm  v2.15.5
80 error path /usr/local/lib/node_modules/cordova
81 error code EACCES
82 error errno -13
83 error syscall rmdir
84 error Error: EACCES: permission denied, rmdir '/usr/local/lib/node_modules/cordova'
84 error     at Error (native)
84 error  { [Error: EACCES: permission denied, rmdir '/usr/local/lib/node_modules/cordova']
84 error   errno: -13,
84 error   code: 'EACCES',
84 error   syscall: 'rmdir',
84 error   path: '/usr/local/lib/node_modules/cordova' }
85 error Please try running this command again as root/Administrator.
86 verbose exit [ -13, true ]
87 verbose unbuild lib/node_modules/cordova
88 info preuninstall cordova@6.3.1
89 info uninstall cordova@6.3.1
90 verbose unbuild rmStuff cordova@6.3.1 from /usr/local/lib/node_modules
91 silly gentlyRm /usr/local/bin/cordova is being gently removed
92 silly gentlyRm verifying /usr/local is an npm working directory
93 silly gentlyRm containing path /usr/local is under npm's control, in /usr/local
94 silly gentlyRm deletion target /usr/local/bin/cordova is under /usr/local
95 verbose gentlyRm vacuuming from /usr/local/bin/cordova up to /usr/local
96 info postuninstall cordova@6.3.1
97 silly gentlyRm /usr/local/lib/node_modules/cordova is being purged from base /usr/local
98 verbose gentlyRm don't care about contents; nuking /usr/local/lib/node_modules/cordova
99 silly vacuum-fs purging /usr/local/lib/node_modules/cordova
100 error error rolling back Error: EACCES: permission denied, rmdir '/usr/local/lib/node_modules/cordova'
100 error error rolling back     at Error (native)
100 error error rolling back  { [Error: EACCES: permission denied, rmdir '/usr/local/lib/node_modules/cordova']
100 error error rolling back   errno: -13,
100 error error rolling back   code: 'EACCES',
100 error error rolling back   syscall: 'rmdir',
100 error error rolling back   path: '/usr/local/lib/node_modules/cordova' }
